{"name": "Тест заполнения и отправки Google Form", "status": "broken", "statusDetails": {"message": "selenium.common.exceptions.TimeoutException: Message: \nStacktrace:\nSymbols not available. Dumping unresolved backtrace:\n\t0x9a4093\n\t0x9a40d4\n\t0x7ae71d\n\t0x7fa03d\n\t0x7fa41b\n\t0x8417f2\n\t0x81c954\n\t0x83ee17\n\t0x81c706\n\t0x7eda30\n\t0x7eed54\n\t0xc15744\n\t0xc1091a\n\t0x9cc322\n\t0x9bc458\n\t0x9c31dd\n\t0x9ac408\n\t0x9ac5cc\n\t0x99675a\n\t0x764bfcc9\n\t0x775282ae\n\t0x7752827e", "trace": "self = <tests.test_google_form.TestGoogleForm object at 0x0000012FE5B9C450>\nbrowser = <selenium.webdriver.chrome.webdriver.WebDriver (session=\"122ad2aee98811508aa315438a21a8c8\")>, name = 'John Doe', email = 'john.doe@example.com'\naddress = '123 Main St, City, 12345', phone = '+1-555-0123', comments = 'Test comment'\n\n    @allure.title(\"Тест заполнения и отправки Google Form\")\n    @allure.description(\"Проверка полного цикла заполнения формы\")\n    @pytest.mark.parametrize(\"name,email,address,phone,comments\", [\n        (\"John Doe\", \"john.doe@example.com\", \"123 Main St, City, 12345\", \"+1-555-0123\", \"Test comment\"),\n        (\"Alice Smith\", \"alice.smith@test.com\", \"456 Oak Ave, Town, 67890\", \"\", \"Another test\"),\n        (\"Test User\", \"test@domain.com\", \"789 Pine Rd, Village, 11111\", \"+7-999-8888\", \"\"),\n    ])\n    def test_google_form_submission(self, browser, name, email, address, phone, comments):\n        with allure.step(\"Создать экземпляр страницы и открыть форму\"):\n            form_page = GoogleFormPage(browser)\n            form_page.open_form(self.FORM_URL)\n    \n        with allure.step(\"Заполнить все поля формы\"):\n            form_page.fill_complete_form(name, email, address, phone, comments)\n    \n        with allure.step(\"Отправить форму\"):\n>           form_page.submit_form()\n\nsrc\\tests\\test_google_form.py:26: \n_ _ _ _ _ _ _ _ _ _ _ _ _ _ _ _ _ _ _ _ _ _ _ _ _ _ _ _ _ _ _ _ _ _ _ _ _ _ _ _ _ _ _ _ _ _ _ _ _ _ _ _ _ _ _ _ _ _ _ _ _ _ _ _ _ _ _ _ _ _ _ _ _ _ _ _ \nsrc\\pages\\google_form_page.py:69: in submit_form\n    submit_btn = self.wait.until(EC.element_to_be_clickable(self.SUBMIT_BUTTON))\n                 ^^^^^^^^^^^^^^^^^^^^^^^^^^^^^^^^^^^^^^^^^^^^^^^^^^^^^^^^^^^^^^^\n_ _ _ _ _ _ _ _ _ _ _ _ _ _ _ _ _ _ _ _ _ _ _ _ _ _ _ _ _ _ _ _ _ _ _ _ _ _ _ _ _ _ _ _ _ _ _ _ _ _ _ _ _ _ _ _ _ _ _ _ _ _ _ _ _ _ _ _ _ _ _ _ _ _ _ _ \n\nself = <selenium.webdriver.support.wait.WebDriverWait (session=\"122ad2aee98811508aa315438a21a8c8\")>\nmethod = <function element_to_be_clickable.<locals>._predicate at 0x0000012FE5B6B7E0>, message = ''\n\n    def until(self, method: Callable[[D], Union[Literal[False], T]], message: str = \"\") -> T:\n        \"\"\"Wait until the method returns a value that is not False.\n    \n        Calls the method provided with the driver as an argument until the\n        return value does not evaluate to ``False``.\n    \n        Parameters:\n        -----------\n        method: callable(WebDriver)\n            - A callable object that takes a WebDriver instance as an argument.\n    \n        message: str\n            - Optional message for :exc:`TimeoutException`\n    \n        Return:\n        -------\n        object: T\n            - The result of the last call to `method`\n    \n        Raises:\n        -------\n        TimeoutException\n            - If 'method' does not return a truthy value within the WebDriverWait\n            object's timeout\n    \n        Example:\n        --------\n        >>> from selenium.webdriver.common.by import By\n        >>> from selenium.webdriver.support.ui import WebDriverWait\n        >>> from selenium.webdriver.support import expected_conditions as EC\n    \n        # Wait until an element is visible on the page\n        >>> wait = WebDriverWait(driver, 10)\n        >>> element = wait.until(EC.visibility_of_element_located((By.ID, \"exampleId\")))\n        >>> print(element.text)\n        \"\"\"\n        screen = None\n        stacktrace = None\n    \n        end_time = time.monotonic() + self._timeout\n        while True:\n            try:\n                value = method(self._driver)\n                if value:\n                    return value\n            except self._ignored_exceptions as exc:\n                screen = getattr(exc, \"screen\", None)\n                stacktrace = getattr(exc, \"stacktrace\", None)\n            if time.monotonic() > end_time:\n                break\n            time.sleep(self._poll)\n>       raise TimeoutException(message, screen, stacktrace)\nE       selenium.common.exceptions.TimeoutException: Message: \nE       Stacktrace:\nE       Symbols not available. Dumping unresolved backtrace:\nE       \t0x9a4093\nE       \t0x9a40d4\nE       \t0x7ae71d\nE       \t0x7fa03d\nE       \t0x7fa41b\nE       \t0x8417f2\nE       \t0x81c954\nE       \t0x83ee17\nE       \t0x81c706\nE       \t0x7eda30\nE       \t0x7eed54\nE       \t0xc15744\nE       \t0xc1091a\nE       \t0x9cc322\nE       \t0x9bc458\nE       \t0x9c31dd\nE       \t0x9ac408\nE       \t0x9ac5cc\nE       \t0x99675a\nE       \t0x764bfcc9\nE       \t0x775282ae\nE       \t0x7752827e\n\n.venv\\Lib\\site-packages\\selenium\\webdriver\\support\\wait.py:138: TimeoutException"}, "description": "Проверка полного цикла заполнения формы", "steps": [{"name": "Создать экземпляр страницы и открыть форму", "status": "passed", "steps": [{"name": "Открыть Google Form", "status": "passed", "parameters": [{"name": "url", "value": "'https://docs.google.com/forms/d/e/1FAIpQLScuix7YuaE4-I0HPF_AE9zQ6nGysuxeCcM09qJf8IFyzHbKJA/viewform?usp=sharing&ouid=111699329858962831138'"}], "start": 1763060071470, "stop": 1763060072519}], "start": 1763060071470, "stop": 1763060072519}, {"name": "Заполнить все поля формы", "status": "passed", "steps": [{"name": "Заполнить всю форму", "status": "passed", "steps": [{"name": "Заполнить поле Name: 'John Doe'", "status": "passed", "parameters": [{"name": "name", "value": "'John Doe'"}], "start": 1763060072520, "stop": 1763060072942}, {"name": "Заполнить поле Email: 'john.doe@example.com'", "status": "passed", "parameters": [{"name": "email", "value": "'john.doe@example.com'"}], "start": 1763060072942, "stop": 1763060073133}, {"name": "Заполнить поле Address: '123 Main St, City, 12345'", "status": "passed", "parameters": [{"name": "address", "value": "'123 Main St, City, 12345'"}], "start": 1763060073133, "stop": 1763060073325}, {"name": "Заполнить поле Phone: '+1-555-0123'", "status": "passed", "parameters": [{"name": "phone", "value": "'+1-555-0123'"}], "start": 1763060073325, "stop": 1763060073521}, {"name": "Заполнить поле Comments: 'Test comment'", "status": "passed", "parameters": [{"name": "comments", "value": "'Test comment'"}], "start": 1763060073521, "stop": 1763060073723}], "parameters": [{"name": "name", "value": "'John Doe'"}, {"name": "email", "value": "'john.doe@example.com'"}, {"name": "address", "value": "'123 Main St, City, 12345'"}, {"name": "phone", "value": "'+1-555-0123'"}, {"name": "comments", "value": "'Test comment'"}], "start": 1763060072520, "stop": 1763060073723}], "start": 1763060072520, "stop": 1763060073723}, {"name": "Отправить форму", "status": "broken", "statusDetails": {"message": "selenium.common.exceptions.TimeoutException: Message: \nStacktrace:\nSymbols not available. Dumping unresolved backtrace:\n\t0x9a4093\n\t0x9a40d4\n\t0x7ae71d\n\t0x7fa03d\n\t0x7fa41b\n\t0x8417f2\n\t0x81c954\n\t0x83ee17\n\t0x81c706\n\t0x7eda30\n\t0x7eed54\n\t0xc15744\n\t0xc1091a\n\t0x9cc322\n\t0x9bc458\n\t0x9c31dd\n\t0x9ac408\n\t0x9ac5cc\n\t0x99675a\n\t0x764bfcc9\n\t0x775282ae\n\t0x7752827e\n\n", "trace": "  File \"C:\\Users\\sherl\\Downloads\\6_lab-master\\src\\tests\\test_google_form.py\", line 26, in test_google_form_submission\n    form_page.submit_form()\n  File \"C:\\Users\\sherl\\Downloads\\6_lab-master\\.venv\\Lib\\site-packages\\allure_commons\\_allure.py\", line 202, in impl\n    return func(*a, **kw)\n           ^^^^^^^^^^^^^^\n  File \"C:\\Users\\sherl\\Downloads\\6_lab-master\\src\\pages\\google_form_page.py\", line 69, in submit_form\n    submit_btn = self.wait.until(EC.element_to_be_clickable(self.SUBMIT_BUTTON))\n                 ^^^^^^^^^^^^^^^^^^^^^^^^^^^^^^^^^^^^^^^^^^^^^^^^^^^^^^^^^^^^^^^\n  File \"C:\\Users\\sherl\\Downloads\\6_lab-master\\.venv\\Lib\\site-packages\\selenium\\webdriver\\support\\wait.py\", line 138, in until\n    raise TimeoutException(message, screen, stacktrace)\n"}, "steps": [{"name": "Отправить форму", "status": "broken", "statusDetails": {"message": "selenium.common.exceptions.TimeoutException: Message: \nStacktrace:\nSymbols not available. Dumping unresolved backtrace:\n\t0x9a4093\n\t0x9a40d4\n\t0x7ae71d\n\t0x7fa03d\n\t0x7fa41b\n\t0x8417f2\n\t0x81c954\n\t0x83ee17\n\t0x81c706\n\t0x7eda30\n\t0x7eed54\n\t0xc15744\n\t0xc1091a\n\t0x9cc322\n\t0x9bc458\n\t0x9c31dd\n\t0x9ac408\n\t0x9ac5cc\n\t0x99675a\n\t0x764bfcc9\n\t0x775282ae\n\t0x7752827e\n\n", "trace": "  File \"C:\\Users\\sherl\\Downloads\\6_lab-master\\.venv\\Lib\\site-packages\\allure_commons\\_allure.py\", line 202, in impl\n    return func(*a, **kw)\n           ^^^^^^^^^^^^^^\n  File \"C:\\Users\\sherl\\Downloads\\6_lab-master\\src\\pages\\google_form_page.py\", line 69, in submit_form\n    submit_btn = self.wait.until(EC.element_to_be_clickable(self.SUBMIT_BUTTON))\n                 ^^^^^^^^^^^^^^^^^^^^^^^^^^^^^^^^^^^^^^^^^^^^^^^^^^^^^^^^^^^^^^^\n  File \"C:\\Users\\sherl\\Downloads\\6_lab-master\\.venv\\Lib\\site-packages\\selenium\\webdriver\\support\\wait.py\", line 138, in until\n    raise TimeoutException(message, screen, stacktrace)\n"}, "start": 1763060073723, "stop": 1763060083740}], "start": 1763060073723, "stop": 1763060083740}], "parameters": [{"name": "name", "value": "'John Doe'"}, {"name": "email", "value": "'john.doe@example.com'"}, {"name": "address", "value": "'123 Main St, City, 12345'"}, {"name": "phone", "value": "'+1-555-0123'"}, {"name": "comments", "value": "'Test comment'"}], "start": 1763060071470, "stop": 1763060083740, "uuid": "84475515-4d24-43eb-8bd8-80c4334647af", "historyId": "978227296c0d469345b17be984ad09e2", "testCaseId": "eb71974e7b8ad485eab2e2758f1ebeb5", "fullName": "tests.test_google_form.TestGoogleForm#test_google_form_submission", "labels": [{"name": "suite", "value": "Тестирование Google Forms"}, {"name": "parentSuite", "value": "tests"}, {"name": "subSuite", "value": "TestGoogleForm"}, {"name": "host", "value": "DESKTOP-TTQSNIB"}, {"name": "thread", "value": "7536-MainThread"}, {"name": "framework", "value": "pytest"}, {"name": "language", "value": "cpython3"}, {"name": "package", "value": "tests.test_google_form"}], "titlePath": ["tests", "test_google_form.py", "TestGoogleForm"]}