{"name": "Тест поиска и проверки результатов", "status": "failed", "statusDetails": {"message": "AssertionError: Ожидаемый текст 'Python' не найден в результате: 'Алиса\n  На основе источников, возможны неточности'\nassert 'python' in 'алиса\\nна основе источников, возможны неточности'\n +  where 'python' = <built-in method lower of str object at 0x00007FFED52008F8>()\n +    where <built-in method lower of str object at 0x00007FFED52008F8> = 'Python'.lower\n +  and   'алиса\\nна основе источников, возможны неточности' = <built-in method lower of str object at 0x000001F8124528C0>()\n +    where <built-in method lower of str object at 0x000001F8124528C0> = 'Алиса\\nНа основе источников, возможны неточности'.lower", "trace": "self = <tests.test_yandex_form.TestYandexSearch object at 0x000001F8124DE490>\nbrowser = <selenium.webdriver.chrome.webdriver.WebDriver (session=\"f461f0235c27e6d1d66a7facbf4e1de3\")>, base_url = 'https://ya.ru'\nsearch_query = 'Python автоматизация тестирования', expected_text = 'Python'\n\n    @allure.title(\"Тест поиска и проверки результатов\")\n    @allure.description(\"Этот тест проверяет функциональность поиска на Яндекс\")\n    @pytest.mark.parametrize(\"search_query,expected_text\", [\n        (\"Selenium WebDriver\", \"Selenium\"),\n        (\"Python автоматизация тестирования\", \"Python\"),\n        (\"Тестирование программного обеспечения\", \"тестирование\")\n    ])\n    def test_yandex_search_functionality(self, browser, base_url, search_query, expected_text):\n        with allure.step(f\"Открыть главную страницу Яндекс\"):\n            form_page = YandexFormPage(browser)\n            form_page.open_page(base_url)\n    \n        with allure.step(f\"Выполнить поиск запроса: {search_query}\"):\n            form_page.perform_search(search_query)\n    \n        with allure.step(\"Проверить наличие результатов поиска\"):\n            first_result = form_page.get_first_result_text()\n            assert first_result is not None, \"Результаты поиска не отобразились\"\n>           assert expected_text.lower() in first_result.lower(), \\\n                f\"Ожидаемый текст '{expected_text}' не найден в результате: '{first_result}'\"\nE           AssertionError: Ожидаемый текст 'Python' не найден в результате: 'Алиса\nE             На основе источников, возможны неточности'\nE           assert 'python' in 'алиса\\nна основе источников, возможны неточности'\nE            +  where 'python' = <built-in method lower of str object at 0x00007FFED52008F8>()\nE            +    where <built-in method lower of str object at 0x00007FFED52008F8> = 'Python'.lower\nE            +  and   'алиса\\nна основе источников, возможны неточности' = <built-in method lower of str object at 0x000001F8124528C0>()\nE            +    where <built-in method lower of str object at 0x000001F8124528C0> = 'Алиса\\nНа основе источников, возможны неточности'.lower\n\nsrc\\tests\\test_yandex_form.py:26: AssertionError"}, "description": "Этот тест проверяет функциональность поиска на Яндекс", "steps": [{"name": "Открыть главную страницу Яндекс", "status": "passed", "start": 1763058400250, "stop": 1763058401886}, {"name": "Выполнить поиск запроса: Python автоматизация тестирования", "status": "passed", "start": 1763058401886, "stop": 1763058405976}, {"name": "Проверить наличие результатов поиска", "status": "failed", "statusDetails": {"message": "AssertionError: Ожидаемый текст 'Python' не найден в результате: 'Алиса\n  На основе источников, возможны неточности'\nassert 'python' in 'алиса\\nна основе источников, возможны неточности'\n +  where 'python' = <built-in method lower of str object at 0x00007FFED52008F8>()\n +    where <built-in method lower of str object at 0x00007FFED52008F8> = 'Python'.lower\n +  and   'алиса\\nна основе источников, возможны неточности' = <built-in method lower of str object at 0x000001F8124528C0>()\n +    where <built-in method lower of str object at 0x000001F8124528C0> = 'Алиса\\nНа основе источников, возможны неточности'.lower\n", "trace": "  File \"C:\\Users\\sherl\\Downloads\\6_lab-master\\src\\tests\\test_yandex_form.py\", line 26, in test_yandex_search_functionality\n    assert expected_text.lower() in first_result.lower(), \\\n"}, "start": 1763058405976, "stop": 1763058406659}], "parameters": [{"name": "search_query", "value": "'Python автоматизация тестирования'"}, {"name": "expected_text", "value": "'Python'"}], "start": 1763058400250, "stop": 1763058406659, "uuid": "6f2eb923-7289-4bee-b6f0-9cb6652f5a97", "historyId": "bb1a8aa56b686adb5c3cfa0bd04b31b2", "testCaseId": "a8ddeba92e4ea00b47e069de0a4a0c3f", "fullName": "src.tests.test_yandex_form.TestYandexSearch#test_yandex_search_functionality", "labels": [{"name": "suite", "value": "Тестирование поиска Яндекс"}, {"name": "parentSuite", "value": "src.tests"}, {"name": "subSuite", "value": "TestYandexSearch"}, {"name": "host", "value": "DESKTOP-TTQSNIB"}, {"name": "thread", "value": "20904-MainThread"}, {"name": "framework", "value": "pytest"}, {"name": "language", "value": "cpython3"}, {"name": "package", "value": "src.tests.test_yandex_form"}], "titlePath": ["src", "tests", "test_yandex_form.py", "TestYandexSearch"]}