{"name": "Тест поиска и проверки результатов", "status": "failed", "statusDetails": {"message": "AssertionError: Ожидаемый текст 'тестирование' не найден в результате: 'Тесты с нуля: стань QA-тестировщиком с курсом от Яндекса'\nassert 'тестирование' in 'тесты с нуля: стань qa-тестировщиком с курсом от яндекса'\n +  where 'тестирование' = <built-in method lower of str object at 0x000001F812479E30>()\n +    where <built-in method lower of str object at 0x000001F812479E30> = 'тестирование'.lower\n +  and   'тесты с нуля: стань qa-тестировщиком с курсом от яндекса' = <built-in method lower of str object at 0x000001F812537B70>()\n +    where <built-in method lower of str object at 0x000001F812537B70> = 'Тесты с нуля: стань QA-тестировщиком с курсом от Яндекса'.lower", "trace": "self = <tests.test_yandex_form.TestYandexSearch object at 0x000001F8124DFC50>\nbrowser = <selenium.webdriver.chrome.webdriver.WebDriver (session=\"331cfa0e0dd1445b43a821f3fda63cc5\")>, base_url = 'https://ya.ru'\nsearch_query = 'Тестирование программного обеспечения', expected_text = 'тестирование'\n\n    @allure.title(\"Тест поиска и проверки результатов\")\n    @allure.description(\"Этот тест проверяет функциональность поиска на Яндекс\")\n    @pytest.mark.parametrize(\"search_query,expected_text\", [\n        (\"Selenium WebDriver\", \"Selenium\"),\n        (\"Python автоматизация тестирования\", \"Python\"),\n        (\"Тестирование программного обеспечения\", \"тестирование\")\n    ])\n    def test_yandex_search_functionality(self, browser, base_url, search_query, expected_text):\n        with allure.step(f\"Открыть главную страницу Яндекс\"):\n            form_page = YandexFormPage(browser)\n            form_page.open_page(base_url)\n    \n        with allure.step(f\"Выполнить поиск запроса: {search_query}\"):\n            form_page.perform_search(search_query)\n    \n        with allure.step(\"Проверить наличие результатов поиска\"):\n            first_result = form_page.get_first_result_text()\n            assert first_result is not None, \"Результаты поиска не отобразились\"\n>           assert expected_text.lower() in first_result.lower(), \\\n                f\"Ожидаемый текст '{expected_text}' не найден в результате: '{first_result}'\"\nE           AssertionError: Ожидаемый текст 'тестирование' не найден в результате: 'Тесты с нуля: стань QA-тестировщиком с курсом от Яндекса'\nE           assert 'тестирование' in 'тесты с нуля: стань qa-тестировщиком с курсом от яндекса'\nE            +  where 'тестирование' = <built-in method lower of str object at 0x000001F812479E30>()\nE            +    where <built-in method lower of str object at 0x000001F812479E30> = 'тестирование'.lower\nE            +  and   'тесты с нуля: стань qa-тестировщиком с курсом от яндекса' = <built-in method lower of str object at 0x000001F812537B70>()\nE            +    where <built-in method lower of str object at 0x000001F812537B70> = 'Тесты с нуля: стань QA-тестировщиком с курсом от Яндекса'.lower\n\nsrc\\tests\\test_yandex_form.py:26: AssertionError"}, "description": "Этот тест проверяет функциональность поиска на Яндекс", "steps": [{"name": "Открыть главную страницу Яндекс", "status": "passed", "start": 1763058414678, "stop": 1763058416185}, {"name": "Выполнить поиск запроса: Тестирование программного обеспечения", "status": "passed", "start": 1763058416185, "stop": 1763058419533}, {"name": "Проверить наличие результатов поиска", "status": "failed", "statusDetails": {"message": "AssertionError: Ожидаемый текст 'тестирование' не найден в результате: 'Тесты с нуля: стань QA-тестировщиком с курсом от Яндекса'\nassert 'тестирование' in 'тесты с нуля: стань qa-тестировщиком с курсом от яндекса'\n +  where 'тестирование' = <built-in method lower of str object at 0x000001F812479E30>()\n +    where <built-in method lower of str object at 0x000001F812479E30> = 'тестирование'.lower\n +  and   'тесты с нуля: стань qa-тестировщиком с курсом от яндекса' = <built-in method lower of str object at 0x000001F812537B70>()\n +    where <built-in method lower of str object at 0x000001F812537B70> = 'Тесты с нуля: стань QA-тестировщиком с курсом от Яндекса'.lower\n", "trace": "  File \"C:\\Users\\sherl\\Downloads\\6_lab-master\\src\\tests\\test_yandex_form.py\", line 26, in test_yandex_search_functionality\n    assert expected_text.lower() in first_result.lower(), \\\n"}, "start": 1763058419533, "stop": 1763058419599}], "parameters": [{"name": "search_query", "value": "'Тестирование программного обеспечения'"}, {"name": "expected_text", "value": "'тестирование'"}], "start": 1763058414677, "stop": 1763058419599, "uuid": "527a7140-3c8f-49b9-9f6b-b78924b59e0b", "historyId": "e4755f8f9bc15bb844f8d2bf5ae5a99d", "testCaseId": "a8ddeba92e4ea00b47e069de0a4a0c3f", "fullName": "src.tests.test_yandex_form.TestYandexSearch#test_yandex_search_functionality", "labels": [{"name": "suite", "value": "Тестирование поиска Яндекс"}, {"name": "parentSuite", "value": "src.tests"}, {"name": "subSuite", "value": "TestYandexSearch"}, {"name": "host", "value": "DESKTOP-TTQSNIB"}, {"name": "thread", "value": "20904-MainThread"}, {"name": "framework", "value": "pytest"}, {"name": "language", "value": "cpython3"}, {"name": "package", "value": "src.tests.test_yandex_form"}], "titlePath": ["src", "tests", "test_yandex_form.py", "TestYandexSearch"]}