{"name": "Тест обязательных полей формы", "status": "broken", "statusDetails": {"message": "selenium.common.exceptions.TimeoutException: Message: \nStacktrace:\nSymbols not available. Dumping unresolved backtrace:\n\t0x9a4093\n\t0x9a40d4\n\t0x7ae71d\n\t0x7fa03d\n\t0x7fa41b\n\t0x8417f2\n\t0x81c954\n\t0x83ee17\n\t0x81c706\n\t0x7eda30\n\t0x7eed54\n\t0xc15744\n\t0xc1091a\n\t0x9cc322\n\t0x9bc458\n\t0x9c31dd\n\t0x9ac408\n\t0x9ac5cc\n\t0x99675a\n\t0x764bfcc9\n\t0x775282ae\n\t0x7752827e", "trace": "self = <tests.test_google_form.TestGoogleForm object at 0x0000012FE5B9DF50>\nbrowser = <selenium.webdriver.chrome.webdriver.WebDriver (session=\"be63a778c7a196291c1f16556f87e7e6\")>\n\n    @allure.title(\"Тест обязательных полей формы\")\n    def test_required_fields(self, browser):\n        with allure.step(\"Открыть форму\"):\n            form_page = GoogleFormPage(browser)\n            form_page.open_form(self.FORM_URL)\n    \n        with allure.step(\"Заполнить только обязательные поля\"):\n            form_page.fill_name(\"Required Test\")\n            form_page.fill_email(\"required@test.com\")\n            form_page.fill_address(\"Required Address\")\n    \n        with allure.step(\"Попытаться отправить форму\"):\n>           form_page.submit_form()\n\nsrc\\tests\\test_google_form.py:47: \n_ _ _ _ _ _ _ _ _ _ _ _ _ _ _ _ _ _ _ _ _ _ _ _ _ _ _ _ _ _ _ _ _ _ _ _ _ _ _ _ _ _ _ _ _ _ _ _ _ _ _ _ _ _ _ _ _ _ _ _ _ _ _ _ _ _ _ _ _ _ _ _ _ _ _ _ \nsrc\\pages\\google_form_page.py:69: in submit_form\n    submit_btn = self.wait.until(EC.element_to_be_clickable(self.SUBMIT_BUTTON))\n                 ^^^^^^^^^^^^^^^^^^^^^^^^^^^^^^^^^^^^^^^^^^^^^^^^^^^^^^^^^^^^^^^\n_ _ _ _ _ _ _ _ _ _ _ _ _ _ _ _ _ _ _ _ _ _ _ _ _ _ _ _ _ _ _ _ _ _ _ _ _ _ _ _ _ _ _ _ _ _ _ _ _ _ _ _ _ _ _ _ _ _ _ _ _ _ _ _ _ _ _ _ _ _ _ _ _ _ _ _ \n\nself = <selenium.webdriver.support.wait.WebDriverWait (session=\"be63a778c7a196291c1f16556f87e7e6\")>\nmethod = <function element_to_be_clickable.<locals>._predicate at 0x0000012FE5C16020>, message = ''\n\n    def until(self, method: Callable[[D], Union[Literal[False], T]], message: str = \"\") -> T:\n        \"\"\"Wait until the method returns a value that is not False.\n    \n        Calls the method provided with the driver as an argument until the\n        return value does not evaluate to ``False``.\n    \n        Parameters:\n        -----------\n        method: callable(WebDriver)\n            - A callable object that takes a WebDriver instance as an argument.\n    \n        message: str\n            - Optional message for :exc:`TimeoutException`\n    \n        Return:\n        -------\n        object: T\n            - The result of the last call to `method`\n    \n        Raises:\n        -------\n        TimeoutException\n            - If 'method' does not return a truthy value within the WebDriverWait\n            object's timeout\n    \n        Example:\n        --------\n        >>> from selenium.webdriver.common.by import By\n        >>> from selenium.webdriver.support.ui import WebDriverWait\n        >>> from selenium.webdriver.support import expected_conditions as EC\n    \n        # Wait until an element is visible on the page\n        >>> wait = WebDriverWait(driver, 10)\n        >>> element = wait.until(EC.visibility_of_element_located((By.ID, \"exampleId\")))\n        >>> print(element.text)\n        \"\"\"\n        screen = None\n        stacktrace = None\n    \n        end_time = time.monotonic() + self._timeout\n        while True:\n            try:\n                value = method(self._driver)\n                if value:\n                    return value\n            except self._ignored_exceptions as exc:\n                screen = getattr(exc, \"screen\", None)\n                stacktrace = getattr(exc, \"stacktrace\", None)\n            if time.monotonic() > end_time:\n                break\n            time.sleep(self._poll)\n>       raise TimeoutException(message, screen, stacktrace)\nE       selenium.common.exceptions.TimeoutException: Message: \nE       Stacktrace:\nE       Symbols not available. Dumping unresolved backtrace:\nE       \t0x9a4093\nE       \t0x9a40d4\nE       \t0x7ae71d\nE       \t0x7fa03d\nE       \t0x7fa41b\nE       \t0x8417f2\nE       \t0x81c954\nE       \t0x83ee17\nE       \t0x81c706\nE       \t0x7eda30\nE       \t0x7eed54\nE       \t0xc15744\nE       \t0xc1091a\nE       \t0x9cc322\nE       \t0x9bc458\nE       \t0x9c31dd\nE       \t0x9ac408\nE       \t0x9ac5cc\nE       \t0x99675a\nE       \t0x764bfcc9\nE       \t0x775282ae\nE       \t0x7752827e\n\n.venv\\Lib\\site-packages\\selenium\\webdriver\\support\\wait.py:138: TimeoutException"}, "steps": [{"name": "Открыть форму", "status": "passed", "steps": [{"name": "Открыть Google Form", "status": "passed", "parameters": [{"name": "url", "value": "'https://docs.google.com/forms/d/e/1FAIpQLScuix7YuaE4-I0HPF_AE9zQ6nGysuxeCcM09qJf8IFyzHbKJA/viewform?usp=sharing&ouid=111699329858962831138'"}], "start": 1763060143518, "stop": 1763060144582}], "start": 1763060143518, "stop": 1763060144582}, {"name": "Заполнить только обязательные поля", "status": "passed", "steps": [{"name": "Заполнить поле Name: 'Required Test'", "status": "passed", "parameters": [{"name": "name", "value": "'Required Test'"}], "start": 1763060144582, "stop": 1763060145050}, {"name": "Заполнить поле Email: 'required@test.com'", "status": "passed", "parameters": [{"name": "email", "value": "'required@test.com'"}], "start": 1763060145050, "stop": 1763060145235}, {"name": "Заполнить поле Address: 'Required Address'", "status": "passed", "parameters": [{"name": "address", "value": "'Required Address'"}], "start": 1763060145235, "stop": 1763060145397}], "start": 1763060144582, "stop": 1763060145397}, {"name": "Попытаться отправить форму", "status": "broken", "statusDetails": {"message": "selenium.common.exceptions.TimeoutException: Message: \nStacktrace:\nSymbols not available. Dumping unresolved backtrace:\n\t0x9a4093\n\t0x9a40d4\n\t0x7ae71d\n\t0x7fa03d\n\t0x7fa41b\n\t0x8417f2\n\t0x81c954\n\t0x83ee17\n\t0x81c706\n\t0x7eda30\n\t0x7eed54\n\t0xc15744\n\t0xc1091a\n\t0x9cc322\n\t0x9bc458\n\t0x9c31dd\n\t0x9ac408\n\t0x9ac5cc\n\t0x99675a\n\t0x764bfcc9\n\t0x775282ae\n\t0x7752827e\n\n", "trace": "  File \"C:\\Users\\sherl\\Downloads\\6_lab-master\\src\\tests\\test_google_form.py\", line 47, in test_required_fields\n    form_page.submit_form()\n  File \"C:\\Users\\sherl\\Downloads\\6_lab-master\\.venv\\Lib\\site-packages\\allure_commons\\_allure.py\", line 202, in impl\n    return func(*a, **kw)\n           ^^^^^^^^^^^^^^\n  File \"C:\\Users\\sherl\\Downloads\\6_lab-master\\src\\pages\\google_form_page.py\", line 69, in submit_form\n    submit_btn = self.wait.until(EC.element_to_be_clickable(self.SUBMIT_BUTTON))\n                 ^^^^^^^^^^^^^^^^^^^^^^^^^^^^^^^^^^^^^^^^^^^^^^^^^^^^^^^^^^^^^^^\n  File \"C:\\Users\\sherl\\Downloads\\6_lab-master\\.venv\\Lib\\site-packages\\selenium\\webdriver\\support\\wait.py\", line 138, in until\n    raise TimeoutException(message, screen, stacktrace)\n"}, "steps": [{"name": "Отправить форму", "status": "broken", "statusDetails": {"message": "selenium.common.exceptions.TimeoutException: Message: \nStacktrace:\nSymbols not available. Dumping unresolved backtrace:\n\t0x9a4093\n\t0x9a40d4\n\t0x7ae71d\n\t0x7fa03d\n\t0x7fa41b\n\t0x8417f2\n\t0x81c954\n\t0x83ee17\n\t0x81c706\n\t0x7eda30\n\t0x7eed54\n\t0xc15744\n\t0xc1091a\n\t0x9cc322\n\t0x9bc458\n\t0x9c31dd\n\t0x9ac408\n\t0x9ac5cc\n\t0x99675a\n\t0x764bfcc9\n\t0x775282ae\n\t0x7752827e\n\n", "trace": "  File \"C:\\Users\\sherl\\Downloads\\6_lab-master\\.venv\\Lib\\site-packages\\allure_commons\\_allure.py\", line 202, in impl\n    return func(*a, **kw)\n           ^^^^^^^^^^^^^^\n  File \"C:\\Users\\sherl\\Downloads\\6_lab-master\\src\\pages\\google_form_page.py\", line 69, in submit_form\n    submit_btn = self.wait.until(EC.element_to_be_clickable(self.SUBMIT_BUTTON))\n                 ^^^^^^^^^^^^^^^^^^^^^^^^^^^^^^^^^^^^^^^^^^^^^^^^^^^^^^^^^^^^^^^\n  File \"C:\\Users\\sherl\\Downloads\\6_lab-master\\.venv\\Lib\\site-packages\\selenium\\webdriver\\support\\wait.py\", line 138, in until\n    raise TimeoutException(message, screen, stacktrace)\n"}, "start": 1763060145397, "stop": 1763060155479}], "start": 1763060145397, "stop": 1763060155479}], "start": 1763060143518, "stop": 1763060155482, "uuid": "d1ab3366-ddda-48de-9635-dc98c107e937", "historyId": "1300e2c8dbe2f8de00e57b7fd669a33e", "testCaseId": "1300e2c8dbe2f8de00e57b7fd669a33e", "fullName": "tests.test_google_form.TestGoogleForm#test_required_fields", "labels": [{"name": "suite", "value": "Тестирование Google Forms"}, {"name": "parentSuite", "value": "tests"}, {"name": "subSuite", "value": "TestGoogleForm"}, {"name": "host", "value": "DESKTOP-TTQSNIB"}, {"name": "thread", "value": "7536-MainThread"}, {"name": "framework", "value": "pytest"}, {"name": "language", "value": "cpython3"}, {"name": "package", "value": "tests.test_google_form"}], "titlePath": ["tests", "test_google_form.py", "TestGoogleForm"]}