{"name": "Тест обязательных полей формы", "status": "broken", "statusDetails": {"message": "selenium.common.exceptions.NoSuchElementException: Message: no such element: Unable to locate element: {\"method\":\"css selector\",\"selector\":\"input[jsname='YPqjbf'][type='email']\"}\n  (Session info: chrome=142.0.7444.61); For documentation on this error, please visit: https://www.selenium.dev/documentation/webdriver/troubleshooting/errors#nosuchelementexception\nStacktrace:\nSymbols not available. Dumping unresolved backtrace:\n\t0x9a4093\n\t0x9a40d4\n\t0x7ae71d\n\t0x7fa03d\n\t0x7fa41b\n\t0x8417f2\n\t0x81c954\n\t0x83ee17\n\t0x81c706\n\t0x7eda30\n\t0x7eed54\n\t0xc15744\n\t0xc1091a\n\t0x9cc322\n\t0x9bc458\n\t0x9c31dd\n\t0x9ac408\n\t0x9ac5cc\n\t0x99675a\n\t0x764bfcc9\n\t0x775282ae\n\t0x7752827e", "trace": "self = <tests.test_google_form.TestGoogleForm object at 0x000001B7EAC4D550>\nbrowser = <selenium.webdriver.chrome.webdriver.WebDriver (session=\"66ca1130f21056511fa26ac2c27c1b0d\")>\n\n    @allure.title(\"Тест обязательных полей формы\")\n    def test_required_fields(self, browser):\n        with allure.step(\"Открыть форму\"):\n            form_page = GoogleFormPage(browser)\n            form_page.open_form(self.FORM_URL)\n    \n        with allure.step(\"Заполнить только обязательные поля\"):\n            form_page.fill_name(\"Required Test\")\n>           form_page.fill_email(\"required@test.com\")\n\nsrc\\tests\\test_google_form.py:43: \n_ _ _ _ _ _ _ _ _ _ _ _ _ _ _ _ _ _ _ _ _ _ _ _ _ _ _ _ _ _ _ _ _ _ _ _ _ _ _ _ _ _ _ _ _ _ _ _ _ _ _ _ _ _ _ _ _ _ _ _ _ _ _ _ _ _ _ _ _ _ _ _ _ _ _ _ \nsrc\\pages\\google_form_page.py:34: in fill_email\n    email_field = self.driver.find_element(*self.EMAIL_FIELD)\n                  ^^^^^^^^^^^^^^^^^^^^^^^^^^^^^^^^^^^^^^^^^^^\n.venv\\Lib\\site-packages\\selenium\\webdriver\\remote\\webdriver.py:926: in find_element\n    return self.execute(Command.FIND_ELEMENT, {\"using\": by, \"value\": value})[\"value\"]\n           ^^^^^^^^^^^^^^^^^^^^^^^^^^^^^^^^^^^^^^^^^^^^^^^^^^^^^^^^^^^^^^^^^\n.venv\\Lib\\site-packages\\selenium\\webdriver\\remote\\webdriver.py:458: in execute\n    self.error_handler.check_response(response)\n_ _ _ _ _ _ _ _ _ _ _ _ _ _ _ _ _ _ _ _ _ _ _ _ _ _ _ _ _ _ _ _ _ _ _ _ _ _ _ _ _ _ _ _ _ _ _ _ _ _ _ _ _ _ _ _ _ _ _ _ _ _ _ _ _ _ _ _ _ _ _ _ _ _ _ _ \n\nself = <selenium.webdriver.remote.errorhandler.ErrorHandler object at 0x000001B7EB2B4590>\nresponse = {'status': 404, 'value': '{\"value\":{\"error\":\"no such element\",\"message\":\"no such element: Unable to locate element: {\\...x9bc458\\\\n\\\\t0x9c31dd\\\\n\\\\t0x9ac408\\\\n\\\\t0x9ac5cc\\\\n\\\\t0x99675a\\\\n\\\\t0x764bfcc9\\\\n\\\\t0x775282ae\\\\n\\\\t0x7752827e\\\\n\"}}'}\n\n    def check_response(self, response: dict[str, Any]) -> None:\n        \"\"\"Checks that a JSON response from the WebDriver does not have an\n        error.\n    \n        Args:\n            response: The JSON response from the WebDriver server as a dictionary\n                object.\n    \n        Raises:\n            WebDriverException: If the response contains an error message.\n        \"\"\"\n        status = response.get(\"status\", None)\n        if not status or status == ErrorCode.SUCCESS:\n            return\n        value = None\n        message = response.get(\"message\", \"\")\n        screen: str = response.get(\"screen\", \"\")\n        stacktrace = None\n        if isinstance(status, int):\n            value_json = response.get(\"value\", None)\n            if value_json and isinstance(value_json, str):\n                try:\n                    value = json.loads(value_json)\n                    if isinstance(value, dict):\n                        if len(value) == 1:\n                            value = value[\"value\"]\n                        status = value.get(\"error\", None)\n                        if not status:\n                            status = value.get(\"status\", ErrorCode.UNKNOWN_ERROR)\n                            message = value.get(\"value\") or value.get(\"message\")\n                            if not isinstance(message, str):\n                                value = message\n                                message = message.get(\"message\") if isinstance(message, dict) else None\n                        else:\n                            message = value.get(\"message\", None)\n                except ValueError:\n                    pass\n    \n        exception_class: type[WebDriverException]\n        e = ErrorCode()\n        error_codes = [item for item in dir(e) if not item.startswith(\"__\")]\n        for error_code in error_codes:\n            error_info = getattr(ErrorCode, error_code)\n            if isinstance(error_info, list) and status in error_info:\n                exception_class = getattr(ExceptionMapping, error_code, WebDriverException)\n                break\n        else:\n            exception_class = WebDriverException\n    \n        if not value:\n            value = response[\"value\"]\n        if isinstance(value, str):\n            raise exception_class(value)\n        if message == \"\" and \"message\" in value:\n            message = value[\"message\"]\n    \n        screen = None  # type: ignore[assignment]\n        if \"screen\" in value:\n            screen = value[\"screen\"]\n    \n        stacktrace = None\n        st_value = value.get(\"stackTrace\") or value.get(\"stacktrace\")\n        if st_value:\n            if isinstance(st_value, str):\n                stacktrace = st_value.split(\"\\n\")\n            else:\n                stacktrace = []\n                try:\n                    for frame in st_value:\n                        line = frame.get(\"lineNumber\", \"\")\n                        file = frame.get(\"fileName\", \"<anonymous>\")\n                        if line:\n                            file = f\"{file}:{line}\"\n                        meth = frame.get(\"methodName\", \"<anonymous>\")\n                        if \"className\" in frame:\n                            meth = f\"{frame['className']}.{meth}\"\n                        msg = \"    at %s (%s)\"\n                        msg = msg % (meth, file)\n                        stacktrace.append(msg)\n                except TypeError:\n                    pass\n        if exception_class == UnexpectedAlertPresentException:\n            alert_text = None\n            if \"data\" in value:\n                alert_text = value[\"data\"].get(\"text\")\n            elif \"alert\" in value:\n                alert_text = value[\"alert\"].get(\"text\")\n            raise exception_class(message, screen, stacktrace, alert_text)  # type: ignore[call-arg]  # mypy is not smart enough here\n>       raise exception_class(message, screen, stacktrace)\nE       selenium.common.exceptions.NoSuchElementException: Message: no such element: Unable to locate element: {\"method\":\"css selector\",\"selector\":\"input[jsname='YPqjbf'][type='email']\"}\nE         (Session info: chrome=142.0.7444.61); For documentation on this error, please visit: https://www.selenium.dev/documentation/webdriver/troubleshooting/errors#nosuchelementexception\nE       Stacktrace:\nE       Symbols not available. Dumping unresolved backtrace:\nE       \t0x9a4093\nE       \t0x9a40d4\nE       \t0x7ae71d\nE       \t0x7fa03d\nE       \t0x7fa41b\nE       \t0x8417f2\nE       \t0x81c954\nE       \t0x83ee17\nE       \t0x81c706\nE       \t0x7eda30\nE       \t0x7eed54\nE       \t0xc15744\nE       \t0xc1091a\nE       \t0x9cc322\nE       \t0x9bc458\nE       \t0x9c31dd\nE       \t0x9ac408\nE       \t0x9ac5cc\nE       \t0x99675a\nE       \t0x764bfcc9\nE       \t0x775282ae\nE       \t0x7752827e\n\n.venv\\Lib\\site-packages\\selenium\\webdriver\\remote\\errorhandler.py:233: NoSuchElementException"}, "steps": [{"name": "Открыть форму", "status": "passed", "steps": [{"name": "Открыть Google Form", "status": "passed", "parameters": [{"name": "url", "value": "'https://docs.google.com/forms/d/e/1FAIpQLScuix7YuaE4-I0HPF_AE9zQ6nGysuxeCcM09qJf8IFyzHbKJA/viewform?usp=sharing&ouid=111699329858962831138'"}], "start": 1763059609493, "stop": 1763059610484}], "start": 1763059609493, "stop": 1763059610484}, {"name": "Заполнить только обязательные поля", "status": "broken", "statusDetails": {"message": "selenium.common.exceptions.NoSuchElementException: Message: no such element: Unable to locate element: {\"method\":\"css selector\",\"selector\":\"input[jsname='YPqjbf'][type='email']\"}\n  (Session info: chrome=142.0.7444.61); For documentation on this error, please visit: https://www.selenium.dev/documentation/webdriver/troubleshooting/errors#nosuchelementexception\nStacktrace:\nSymbols not available. Dumping unresolved backtrace:\n\t0x9a4093\n\t0x9a40d4\n\t0x7ae71d\n\t0x7fa03d\n\t0x7fa41b\n\t0x8417f2\n\t0x81c954\n\t0x83ee17\n\t0x81c706\n\t0x7eda30\n\t0x7eed54\n\t0xc15744\n\t0xc1091a\n\t0x9cc322\n\t0x9bc458\n\t0x9c31dd\n\t0x9ac408\n\t0x9ac5cc\n\t0x99675a\n\t0x764bfcc9\n\t0x775282ae\n\t0x7752827e\n\n", "trace": "  File \"C:\\Users\\sherl\\Downloads\\6_lab-master\\src\\tests\\test_google_form.py\", line 43, in test_required_fields\n    form_page.fill_email(\"required@test.com\")\n  File \"C:\\Users\\sherl\\Downloads\\6_lab-master\\.venv\\Lib\\site-packages\\allure_commons\\_allure.py\", line 202, in impl\n    return func(*a, **kw)\n           ^^^^^^^^^^^^^^\n  File \"C:\\Users\\sherl\\Downloads\\6_lab-master\\src\\pages\\google_form_page.py\", line 34, in fill_email\n    email_field = self.driver.find_element(*self.EMAIL_FIELD)\n                  ^^^^^^^^^^^^^^^^^^^^^^^^^^^^^^^^^^^^^^^^^^^\n  File \"C:\\Users\\sherl\\Downloads\\6_lab-master\\.venv\\Lib\\site-packages\\selenium\\webdriver\\remote\\webdriver.py\", line 926, in find_element\n    return self.execute(Command.FIND_ELEMENT, {\"using\": by, \"value\": value})[\"value\"]\n           ^^^^^^^^^^^^^^^^^^^^^^^^^^^^^^^^^^^^^^^^^^^^^^^^^^^^^^^^^^^^^^^^^\n  File \"C:\\Users\\sherl\\Downloads\\6_lab-master\\.venv\\Lib\\site-packages\\selenium\\webdriver\\remote\\webdriver.py\", line 458, in execute\n    self.error_handler.check_response(response)\n  File \"C:\\Users\\sherl\\Downloads\\6_lab-master\\.venv\\Lib\\site-packages\\selenium\\webdriver\\remote\\errorhandler.py\", line 233, in check_response\n    raise exception_class(message, screen, stacktrace)\n"}, "steps": [{"name": "Заполнить поле Name: 'Required Test'", "status": "passed", "parameters": [{"name": "name", "value": "'Required Test'"}], "start": 1763059610484, "stop": 1763059611004}, {"name": "Заполнить поле Email: 'required@test.com'", "status": "broken", "statusDetails": {"message": "selenium.common.exceptions.NoSuchElementException: Message: no such element: Unable to locate element: {\"method\":\"css selector\",\"selector\":\"input[jsname='YPqjbf'][type='email']\"}\n  (Session info: chrome=142.0.7444.61); For documentation on this error, please visit: https://www.selenium.dev/documentation/webdriver/troubleshooting/errors#nosuchelementexception\nStacktrace:\nSymbols not available. Dumping unresolved backtrace:\n\t0x9a4093\n\t0x9a40d4\n\t0x7ae71d\n\t0x7fa03d\n\t0x7fa41b\n\t0x8417f2\n\t0x81c954\n\t0x83ee17\n\t0x81c706\n\t0x7eda30\n\t0x7eed54\n\t0xc15744\n\t0xc1091a\n\t0x9cc322\n\t0x9bc458\n\t0x9c31dd\n\t0x9ac408\n\t0x9ac5cc\n\t0x99675a\n\t0x764bfcc9\n\t0x775282ae\n\t0x7752827e\n\n", "trace": "  File \"C:\\Users\\sherl\\Downloads\\6_lab-master\\.venv\\Lib\\site-packages\\allure_commons\\_allure.py\", line 202, in impl\n    return func(*a, **kw)\n           ^^^^^^^^^^^^^^\n  File \"C:\\Users\\sherl\\Downloads\\6_lab-master\\src\\pages\\google_form_page.py\", line 34, in fill_email\n    email_field = self.driver.find_element(*self.EMAIL_FIELD)\n                  ^^^^^^^^^^^^^^^^^^^^^^^^^^^^^^^^^^^^^^^^^^^\n  File \"C:\\Users\\sherl\\Downloads\\6_lab-master\\.venv\\Lib\\site-packages\\selenium\\webdriver\\remote\\webdriver.py\", line 926, in find_element\n    return self.execute(Command.FIND_ELEMENT, {\"using\": by, \"value\": value})[\"value\"]\n           ^^^^^^^^^^^^^^^^^^^^^^^^^^^^^^^^^^^^^^^^^^^^^^^^^^^^^^^^^^^^^^^^^\n  File \"C:\\Users\\sherl\\Downloads\\6_lab-master\\.venv\\Lib\\site-packages\\selenium\\webdriver\\remote\\webdriver.py\", line 458, in execute\n    self.error_handler.check_response(response)\n  File \"C:\\Users\\sherl\\Downloads\\6_lab-master\\.venv\\Lib\\site-packages\\selenium\\webdriver\\remote\\errorhandler.py\", line 233, in check_response\n    raise exception_class(message, screen, stacktrace)\n"}, "parameters": [{"name": "email", "value": "'required@test.com'"}], "start": 1763059611004, "stop": 1763059621077}], "start": 1763059610484, "stop": 1763059621077}], "start": 1763059609493, "stop": 1763059621092, "uuid": "f26dbf01-ffa3-4716-915d-55aa168c68b6", "historyId": "1300e2c8dbe2f8de00e57b7fd669a33e", "testCaseId": "1300e2c8dbe2f8de00e57b7fd669a33e", "fullName": "tests.test_google_form.TestGoogleForm#test_required_fields", "labels": [{"name": "suite", "value": "Тестирование Google Forms"}, {"name": "parentSuite", "value": "tests"}, {"name": "subSuite", "value": "TestGoogleForm"}, {"name": "host", "value": "DESKTOP-TTQSNIB"}, {"name": "thread", "value": "11472-MainThread"}, {"name": "framework", "value": "pytest"}, {"name": "language", "value": "cpython3"}, {"name": "package", "value": "tests.test_google_form"}], "titlePath": ["tests", "test_google_form.py", "TestGoogleForm"]}