{"name": "Тест поиска и проверки результатов", "status": "broken", "statusDetails": {"message": "selenium.common.exceptions.TimeoutException: Message: \nStacktrace:\nSymbols not available. Dumping unresolved backtrace:\n\t0x9a4093\n\t0x9a40d4\n\t0x7ae71d\n\t0x7fa03d\n\t0x7fa41b\n\t0x8417f2\n\t0x81c954\n\t0x83ee17\n\t0x81c706\n\t0x7eda30\n\t0x7eed54\n\t0xc15744\n\t0xc1091a\n\t0x9cc322\n\t0x9bc458\n\t0x9c31dd\n\t0x9ac408\n\t0x9ac5cc\n\t0x99675a\n\t0x764bfcc9\n\t0x775282ae\n\t0x7752827e", "trace": "self = <tests.test_yandex_form.TestYandexSearch object at 0x0000028079393E50>\nbrowser = <selenium.webdriver.chrome.webdriver.WebDriver (session=\"626f7a23fe6a4495c862871d5db22bf0\")>, base_url = 'https://ya.ru'\nsearch_query = 'Тестирование программного обеспечения', expected_text = 'тестирование'\n\n    @allure.title(\"Тест поиска и проверки результатов\")\n    @allure.description(\"Этот тест проверяет функциональность поиска на Яндекс\")\n    @pytest.mark.parametrize(\"search_query,expected_text\", [\n        (\"Selenium WebDriver\", \"Selenium\"),\n        (\"Python автоматизация тестирования\", \"Python\"),\n        (\"Тестирование программного обеспечения\", \"тестирование\")\n    ])\n    def test_yandex_search_functionality(self, browser, base_url, search_query, expected_text):\n        with allure.step(f\"Открыть главную страницу Яндекс\"):\n            form_page = YandexFormPage(browser)\n            form_page.open_page(base_url)\n    \n        with allure.step(f\"Выполнить поиск запроса: {search_query}\"):\n>           form_page.perform_search(search_query)\n\nsrc\\tests\\test_yandex_form.py:21: \n_ _ _ _ _ _ _ _ _ _ _ _ _ _ _ _ _ _ _ _ _ _ _ _ _ _ _ _ _ _ _ _ _ _ _ _ _ _ _ _ _ _ _ _ _ _ _ _ _ _ _ _ _ _ _ _ _ _ _ _ _ _ _ _ _ _ _ _ _ _ _ _ _ _ _ _ \nsrc\\pages\\yandex_form_page.py:64: in perform_search\n    .wait_for_search_results())\n     ^^^^^^^^^^^^^^^^^^^^^^^^^\nsrc\\pages\\yandex_form_page.py:47: in wait_for_search_results\n    self.wait.until(\n_ _ _ _ _ _ _ _ _ _ _ _ _ _ _ _ _ _ _ _ _ _ _ _ _ _ _ _ _ _ _ _ _ _ _ _ _ _ _ _ _ _ _ _ _ _ _ _ _ _ _ _ _ _ _ _ _ _ _ _ _ _ _ _ _ _ _ _ _ _ _ _ _ _ _ _ \n\nself = <selenium.webdriver.support.wait.WebDriverWait (session=\"626f7a23fe6a4495c862871d5db22bf0\")>\nmethod = <function visibility_of_element_located.<locals>._predicate at 0x0000028079406D40>, message = ''\n\n    def until(self, method: Callable[[D], Union[Literal[False], T]], message: str = \"\") -> T:\n        \"\"\"Wait until the method returns a value that is not False.\n    \n        Calls the method provided with the driver as an argument until the\n        return value does not evaluate to ``False``.\n    \n        Parameters:\n        -----------\n        method: callable(WebDriver)\n            - A callable object that takes a WebDriver instance as an argument.\n    \n        message: str\n            - Optional message for :exc:`TimeoutException`\n    \n        Return:\n        -------\n        object: T\n            - The result of the last call to `method`\n    \n        Raises:\n        -------\n        TimeoutException\n            - If 'method' does not return a truthy value within the WebDriverWait\n            object's timeout\n    \n        Example:\n        --------\n        >>> from selenium.webdriver.common.by import By\n        >>> from selenium.webdriver.support.ui import WebDriverWait\n        >>> from selenium.webdriver.support import expected_conditions as EC\n    \n        # Wait until an element is visible on the page\n        >>> wait = WebDriverWait(driver, 10)\n        >>> element = wait.until(EC.visibility_of_element_located((By.ID, \"exampleId\")))\n        >>> print(element.text)\n        \"\"\"\n        screen = None\n        stacktrace = None\n    \n        end_time = time.monotonic() + self._timeout\n        while True:\n            try:\n                value = method(self._driver)\n                if value:\n                    return value\n            except self._ignored_exceptions as exc:\n                screen = getattr(exc, \"screen\", None)\n                stacktrace = getattr(exc, \"stacktrace\", None)\n            if time.monotonic() > end_time:\n                break\n            time.sleep(self._poll)\n>       raise TimeoutException(message, screen, stacktrace)\nE       selenium.common.exceptions.TimeoutException: Message: \nE       Stacktrace:\nE       Symbols not available. Dumping unresolved backtrace:\nE       \t0x9a4093\nE       \t0x9a40d4\nE       \t0x7ae71d\nE       \t0x7fa03d\nE       \t0x7fa41b\nE       \t0x8417f2\nE       \t0x81c954\nE       \t0x83ee17\nE       \t0x81c706\nE       \t0x7eda30\nE       \t0x7eed54\nE       \t0xc15744\nE       \t0xc1091a\nE       \t0x9cc322\nE       \t0x9bc458\nE       \t0x9c31dd\nE       \t0x9ac408\nE       \t0x9ac5cc\nE       \t0x99675a\nE       \t0x764bfcc9\nE       \t0x775282ae\nE       \t0x7752827e\n\n.venv\\Lib\\site-packages\\selenium\\webdriver\\support\\wait.py:138: TimeoutException"}, "description": "Этот тест проверяет функциональность поиска на Яндекс", "steps": [{"name": "Открыть главную страницу Яндекс", "status": "passed", "start": 1763056805141, "stop": 1763056806565}, {"name": "Выполнить поиск запроса: Тестирование программного обеспечения", "status": "broken", "statusDetails": {"message": "selenium.common.exceptions.TimeoutException: Message: \nStacktrace:\nSymbols not available. Dumping unresolved backtrace:\n\t0x9a4093\n\t0x9a40d4\n\t0x7ae71d\n\t0x7fa03d\n\t0x7fa41b\n\t0x8417f2\n\t0x81c954\n\t0x83ee17\n\t0x81c706\n\t0x7eda30\n\t0x7eed54\n\t0xc15744\n\t0xc1091a\n\t0x9cc322\n\t0x9bc458\n\t0x9c31dd\n\t0x9ac408\n\t0x9ac5cc\n\t0x99675a\n\t0x764bfcc9\n\t0x775282ae\n\t0x7752827e\n\n", "trace": "  File \"C:\\Users\\sherl\\Downloads\\6_lab-master\\src\\tests\\test_yandex_form.py\", line 21, in test_yandex_search_functionality\n    form_page.perform_search(search_query)\n  File \"C:\\Users\\sherl\\Downloads\\6_lab-master\\src\\pages\\yandex_form_page.py\", line 64, in perform_search\n    .wait_for_search_results())\n     ^^^^^^^^^^^^^^^^^^^^^^^^^\n  File \"C:\\Users\\sherl\\Downloads\\6_lab-master\\src\\pages\\yandex_form_page.py\", line 47, in wait_for_search_results\n    self.wait.until(\n  File \"C:\\Users\\sherl\\Downloads\\6_lab-master\\.venv\\Lib\\site-packages\\selenium\\webdriver\\support\\wait.py\", line 138, in until\n    raise TimeoutException(message, screen, stacktrace)\n"}, "start": 1763056806565, "stop": 1763056820536}], "parameters": [{"name": "search_query", "value": "'Тестирование программного обеспечения'"}, {"name": "expected_text", "value": "'тестирование'"}], "start": 1763056805140, "stop": 1763056820538, "uuid": "57302bf4-14a8-4ff4-8131-7bb38dd6e6d3", "historyId": "e4755f8f9bc15bb844f8d2bf5ae5a99d", "testCaseId": "a8ddeba92e4ea00b47e069de0a4a0c3f", "fullName": "src.tests.test_yandex_form.TestYandexSearch#test_yandex_search_functionality", "labels": [{"name": "suite", "value": "Тестирование поиска Яндекс"}, {"name": "parentSuite", "value": "src.tests"}, {"name": "subSuite", "value": "TestYandexSearch"}, {"name": "host", "value": "DESKTOP-TTQSNIB"}, {"name": "thread", "value": "20572-MainThread"}, {"name": "framework", "value": "pytest"}, {"name": "language", "value": "cpython3"}, {"name": "package", "value": "src.tests.test_yandex_form"}], "titlePath": ["src", "tests", "test_yandex_form.py", "TestYandexSearch"]}