{"name": "Тест валидации email", "status": "broken", "statusDetails": {"message": "selenium.common.exceptions.TimeoutException: Message: \nStacktrace:\nSymbols not available. Dumping unresolved backtrace:\n\t0x9a4093\n\t0x9a40d4\n\t0x7ae71d\n\t0x7fa03d\n\t0x7fa41b\n\t0x8417f2\n\t0x81c954\n\t0x83ee17\n\t0x81c706\n\t0x7eda30\n\t0x7eed54\n\t0xc15744\n\t0xc1091a\n\t0x9cc322\n\t0x9bc458\n\t0x9c31dd\n\t0x9ac408\n\t0x9ac5cc\n\t0x99675a\n\t0x764bfcc9\n\t0x775282ae\n\t0x7752827e", "trace": "self = <tests.test_google_form.TestGoogleForm object at 0x0000012FE5B9EF90>\nbrowser = <selenium.webdriver.chrome.webdriver.WebDriver (session=\"a829779a4aa635f2e918b54685f27e06\")>, invalid_email = 'invalid-email'\n\n    @allure.title(\"Тест валидации email\")\n    @pytest.mark.parametrize(\"invalid_email\", [\n        \"invalid-email\",\n        \"missing@domain\",\n        \"spaces in@email.com\",\n        \"@nodomain.com\"\n    ])\n    def test_email_validation(self, browser, invalid_email):\n        with allure.step(\"Открыть форму\"):\n            form_page = GoogleFormPage(browser)\n            form_page.open_form(self.FORM_URL)\n    \n        with allure.step(\"Заполнить форму с невалидным email\"):\n            form_page.fill_complete_form(\n                \"Test User\",\n                invalid_email,\n                \"123 Test Address\"\n            )\n    \n        with allure.step(\"Попытаться отправить форму\"):\n>           form_page.submit_form()\n\nsrc\\tests\\test_google_form.py:73: \n_ _ _ _ _ _ _ _ _ _ _ _ _ _ _ _ _ _ _ _ _ _ _ _ _ _ _ _ _ _ _ _ _ _ _ _ _ _ _ _ _ _ _ _ _ _ _ _ _ _ _ _ _ _ _ _ _ _ _ _ _ _ _ _ _ _ _ _ _ _ _ _ _ _ _ _ \nsrc\\pages\\google_form_page.py:69: in submit_form\n    submit_btn = self.wait.until(EC.element_to_be_clickable(self.SUBMIT_BUTTON))\n                 ^^^^^^^^^^^^^^^^^^^^^^^^^^^^^^^^^^^^^^^^^^^^^^^^^^^^^^^^^^^^^^^\n_ _ _ _ _ _ _ _ _ _ _ _ _ _ _ _ _ _ _ _ _ _ _ _ _ _ _ _ _ _ _ _ _ _ _ _ _ _ _ _ _ _ _ _ _ _ _ _ _ _ _ _ _ _ _ _ _ _ _ _ _ _ _ _ _ _ _ _ _ _ _ _ _ _ _ _ \n\nself = <selenium.webdriver.support.wait.WebDriverWait (session=\"a829779a4aa635f2e918b54685f27e06\")>\nmethod = <function element_to_be_clickable.<locals>._predicate at 0x0000012FE5C15940>, message = ''\n\n    def until(self, method: Callable[[D], Union[Literal[False], T]], message: str = \"\") -> T:\n        \"\"\"Wait until the method returns a value that is not False.\n    \n        Calls the method provided with the driver as an argument until the\n        return value does not evaluate to ``False``.\n    \n        Parameters:\n        -----------\n        method: callable(WebDriver)\n            - A callable object that takes a WebDriver instance as an argument.\n    \n        message: str\n            - Optional message for :exc:`TimeoutException`\n    \n        Return:\n        -------\n        object: T\n            - The result of the last call to `method`\n    \n        Raises:\n        -------\n        TimeoutException\n            - If 'method' does not return a truthy value within the WebDriverWait\n            object's timeout\n    \n        Example:\n        --------\n        >>> from selenium.webdriver.common.by import By\n        >>> from selenium.webdriver.support.ui import WebDriverWait\n        >>> from selenium.webdriver.support import expected_conditions as EC\n    \n        # Wait until an element is visible on the page\n        >>> wait = WebDriverWait(driver, 10)\n        >>> element = wait.until(EC.visibility_of_element_located((By.ID, \"exampleId\")))\n        >>> print(element.text)\n        \"\"\"\n        screen = None\n        stacktrace = None\n    \n        end_time = time.monotonic() + self._timeout\n        while True:\n            try:\n                value = method(self._driver)\n                if value:\n                    return value\n            except self._ignored_exceptions as exc:\n                screen = getattr(exc, \"screen\", None)\n                stacktrace = getattr(exc, \"stacktrace\", None)\n            if time.monotonic() > end_time:\n                break\n            time.sleep(self._poll)\n>       raise TimeoutException(message, screen, stacktrace)\nE       selenium.common.exceptions.TimeoutException: Message: \nE       Stacktrace:\nE       Symbols not available. Dumping unresolved backtrace:\nE       \t0x9a4093\nE       \t0x9a40d4\nE       \t0x7ae71d\nE       \t0x7fa03d\nE       \t0x7fa41b\nE       \t0x8417f2\nE       \t0x81c954\nE       \t0x83ee17\nE       \t0x81c706\nE       \t0x7eda30\nE       \t0x7eed54\nE       \t0xc15744\nE       \t0xc1091a\nE       \t0x9cc322\nE       \t0x9bc458\nE       \t0x9c31dd\nE       \t0x9ac408\nE       \t0x9ac5cc\nE       \t0x99675a\nE       \t0x764bfcc9\nE       \t0x775282ae\nE       \t0x7752827e\n\n.venv\\Lib\\site-packages\\selenium\\webdriver\\support\\wait.py:138: TimeoutException"}, "steps": [{"name": "Открыть форму", "status": "passed", "steps": [{"name": "Открыть Google Form", "status": "passed", "parameters": [{"name": "url", "value": "'https://docs.google.com/forms/d/e/1FAIpQLScuix7YuaE4-I0HPF_AE9zQ6nGysuxeCcM09qJf8IFyzHbKJA/viewform?usp=sharing&ouid=111699329858962831138'"}], "start": 1763060163553, "stop": 1763060165002}], "start": 1763060163553, "stop": 1763060165002}, {"name": "Заполнить форму с невалидным email", "status": "passed", "steps": [{"name": "Заполнить всю форму", "status": "passed", "steps": [{"name": "Заполнить поле Name: 'Test User'", "status": "passed", "parameters": [{"name": "name", "value": "'Test User'"}], "start": 1763060165002, "stop": 1763060165232}, {"name": "Заполнить поле Email: 'invalid-email'", "status": "passed", "parameters": [{"name": "email", "value": "'invalid-email'"}], "start": 1763060165232, "stop": 1763060165412}, {"name": "Заполнить поле Address: '123 Test Address'", "status": "passed", "parameters": [{"name": "address", "value": "'123 Test Address'"}], "start": 1763060165412, "stop": 1763060165590}, {"name": "Заполнить поле Phone: ''", "status": "passed", "parameters": [{"name": "phone", "value": "''"}], "start": 1763060165590, "stop": 1763060165777}, {"name": "Заполнить поле Comments: ''", "status": "passed", "parameters": [{"name": "comments", "value": "''"}], "start": 1763060165778, "stop": 1763060166241}], "parameters": [{"name": "name", "value": "'Test User'"}, {"name": "email", "value": "'invalid-email'"}, {"name": "address", "value": "'123 Test Address'"}, {"name": "phone", "value": "''"}, {"name": "comments", "value": "''"}], "start": 1763060165002, "stop": 1763060166241}], "start": 1763060165002, "stop": 1763060166241}, {"name": "Попытаться отправить форму", "status": "broken", "statusDetails": {"message": "selenium.common.exceptions.TimeoutException: Message: \nStacktrace:\nSymbols not available. Dumping unresolved backtrace:\n\t0x9a4093\n\t0x9a40d4\n\t0x7ae71d\n\t0x7fa03d\n\t0x7fa41b\n\t0x8417f2\n\t0x81c954\n\t0x83ee17\n\t0x81c706\n\t0x7eda30\n\t0x7eed54\n\t0xc15744\n\t0xc1091a\n\t0x9cc322\n\t0x9bc458\n\t0x9c31dd\n\t0x9ac408\n\t0x9ac5cc\n\t0x99675a\n\t0x764bfcc9\n\t0x775282ae\n\t0x7752827e\n\n", "trace": "  File \"C:\\Users\\sherl\\Downloads\\6_lab-master\\src\\tests\\test_google_form.py\", line 73, in test_email_validation\n    form_page.submit_form()\n  File \"C:\\Users\\sherl\\Downloads\\6_lab-master\\.venv\\Lib\\site-packages\\allure_commons\\_allure.py\", line 202, in impl\n    return func(*a, **kw)\n           ^^^^^^^^^^^^^^\n  File \"C:\\Users\\sherl\\Downloads\\6_lab-master\\src\\pages\\google_form_page.py\", line 69, in submit_form\n    submit_btn = self.wait.until(EC.element_to_be_clickable(self.SUBMIT_BUTTON))\n                 ^^^^^^^^^^^^^^^^^^^^^^^^^^^^^^^^^^^^^^^^^^^^^^^^^^^^^^^^^^^^^^^\n  File \"C:\\Users\\sherl\\Downloads\\6_lab-master\\.venv\\Lib\\site-packages\\selenium\\webdriver\\support\\wait.py\", line 138, in until\n    raise TimeoutException(message, screen, stacktrace)\n"}, "steps": [{"name": "Отправить форму", "status": "broken", "statusDetails": {"message": "selenium.common.exceptions.TimeoutException: Message: \nStacktrace:\nSymbols not available. Dumping unresolved backtrace:\n\t0x9a4093\n\t0x9a40d4\n\t0x7ae71d\n\t0x7fa03d\n\t0x7fa41b\n\t0x8417f2\n\t0x81c954\n\t0x83ee17\n\t0x81c706\n\t0x7eda30\n\t0x7eed54\n\t0xc15744\n\t0xc1091a\n\t0x9cc322\n\t0x9bc458\n\t0x9c31dd\n\t0x9ac408\n\t0x9ac5cc\n\t0x99675a\n\t0x764bfcc9\n\t0x775282ae\n\t0x7752827e\n\n", "trace": "  File \"C:\\Users\\sherl\\Downloads\\6_lab-master\\.venv\\Lib\\site-packages\\allure_commons\\_allure.py\", line 202, in impl\n    return func(*a, **kw)\n           ^^^^^^^^^^^^^^\n  File \"C:\\Users\\sherl\\Downloads\\6_lab-master\\src\\pages\\google_form_page.py\", line 69, in submit_form\n    submit_btn = self.wait.until(EC.element_to_be_clickable(self.SUBMIT_BUTTON))\n                 ^^^^^^^^^^^^^^^^^^^^^^^^^^^^^^^^^^^^^^^^^^^^^^^^^^^^^^^^^^^^^^^\n  File \"C:\\Users\\sherl\\Downloads\\6_lab-master\\.venv\\Lib\\site-packages\\selenium\\webdriver\\support\\wait.py\", line 138, in until\n    raise TimeoutException(message, screen, stacktrace)\n"}, "start": 1763060166242, "stop": 1763060176296}], "start": 1763060166241, "stop": 1763060176296}], "parameters": [{"name": "invalid_email", "value": "'invalid-email'"}], "start": 1763060163553, "stop": 1763060176296, "uuid": "f7864b14-6304-4d05-bb0f-659ddd878ec1", "historyId": "5bd6276b416da3a86116bee69f6bc70d", "testCaseId": "bdb0ab048fa9d5b7ed854c5660013235", "fullName": "tests.test_google_form.TestGoogleForm#test_email_validation", "labels": [{"name": "suite", "value": "Тестирование Google Forms"}, {"name": "parentSuite", "value": "tests"}, {"name": "subSuite", "value": "TestGoogleForm"}, {"name": "host", "value": "DESKTOP-TTQSNIB"}, {"name": "thread", "value": "7536-MainThread"}, {"name": "framework", "value": "pytest"}, {"name": "language", "value": "cpython3"}, {"name": "package", "value": "tests.test_google_form"}], "titlePath": ["tests", "test_google_form.py", "TestGoogleForm"]}