{"name": "Тест поиска и проверки результатов", "status": "failed", "statusDetails": {"message": "AssertionError: Ожидаемый текст 'тестирование' не найден в результате: 'Алиса AI\n  Быстрый ответ на основе источников'\nassert 'тестирование' in 'алиса ai\\nбыстрый ответ на основе источников'\n +  where 'тестирование' = <built-in method lower of str object at 0x000001FC3B5CA430>()\n +    where <built-in method lower of str object at 0x000001FC3B5CA430> = 'тестирование'.lower\n +  and   'алиса ai\\nбыстрый ответ на основе источников' = <built-in method lower of str object at 0x000001FC3B5FACE0>()\n +    where <built-in method lower of str object at 0x000001FC3B5FACE0> = 'Алиса AI\\nБыстрый ответ на основе источников'.lower", "trace": "self = <tests.test_yandex_form.TestYandexSearch object at 0x000001FC3B63C510>\nbrowser = <selenium.webdriver.chrome.webdriver.WebDriver (session=\"b0a7fdcc8f55e13898cedd2e8d4cc1e5\")>, base_url = 'https://ya.ru'\nsearch_query = 'Тестирование программного обеспечения', expected_text = 'тестирование'\n\n    @allure.title(\"Тест поиска и проверки результатов\")\n    @allure.description(\"Этот тест проверяет функциональность поиска на Яндекс\")\n    @pytest.mark.parametrize(\"search_query,expected_text\", [\n        (\"Selenium WebDriver\", \"Selenium\"),\n        (\"Python автоматизация тестирования\", \"Python\"),\n        (\"Тестирование программного обеспечения\", \"тестирование\")\n    ])\n    def test_yandex_search_functionality(self, browser, base_url, search_query, expected_text):\n        with allure.step(f\"Открыть главную страницу Яндекс\"):\n            form_page = YandexFormPage(browser)\n            form_page.open_page(base_url)\n    \n        with allure.step(f\"Выполнить поиск запроса: {search_query}\"):\n            form_page.perform_search(search_query)\n    \n        with allure.step(\"Проверить наличие результатов поиска\"):\n            first_result = form_page.get_first_result_text()\n            assert first_result is not None, \"Результаты поиска не отобразились\"\n>           assert expected_text.lower() in first_result.lower(), \\\n                f\"Ожидаемый текст '{expected_text}' не найден в результате: '{first_result}'\"\nE           AssertionError: Ожидаемый текст 'тестирование' не найден в результате: 'Алиса AI\nE             Быстрый ответ на основе источников'\nE           assert 'тестирование' in 'алиса ai\\nбыстрый ответ на основе источников'\nE            +  where 'тестирование' = <built-in method lower of str object at 0x000001FC3B5CA430>()\nE            +    where <built-in method lower of str object at 0x000001FC3B5CA430> = 'тестирование'.lower\nE            +  and   'алиса ai\\nбыстрый ответ на основе источников' = <built-in method lower of str object at 0x000001FC3B5FACE0>()\nE            +    where <built-in method lower of str object at 0x000001FC3B5FACE0> = 'Алиса AI\\nБыстрый ответ на основе источников'.lower\n\nsrc\\tests\\test_yandex_form.py:26: AssertionError"}, "description": "Этот тест проверяет функциональность поиска на Яндекс", "steps": [{"name": "Открыть главную страницу Яндекс", "status": "passed", "start": 1763058997917, "stop": 1763058999351}, {"name": "Выполнить поиск запроса: Тестирование программного обеспечения", "status": "passed", "start": 1763058999351, "stop": 1763059002992}, {"name": "Проверить наличие результатов поиска", "status": "failed", "statusDetails": {"message": "AssertionError: Ожидаемый текст 'тестирование' не найден в результате: 'Алиса AI\n  Быстрый ответ на основе источников'\nassert 'тестирование' in 'алиса ai\\nбыстрый ответ на основе источников'\n +  where 'тестирование' = <built-in method lower of str object at 0x000001FC3B5CA430>()\n +    where <built-in method lower of str object at 0x000001FC3B5CA430> = 'тестирование'.lower\n +  and   'алиса ai\\nбыстрый ответ на основе источников' = <built-in method lower of str object at 0x000001FC3B5FACE0>()\n +    where <built-in method lower of str object at 0x000001FC3B5FACE0> = 'Алиса AI\\nБыстрый ответ на основе источников'.lower\n", "trace": "  File \"C:\\Users\\sherl\\Downloads\\6_lab-master\\src\\tests\\test_yandex_form.py\", line 26, in test_yandex_search_functionality\n    assert expected_text.lower() in first_result.lower(), \\\n"}, "start": 1763059002992, "stop": 1763059003252}], "parameters": [{"name": "search_query", "value": "'Тестирование программного обеспечения'"}, {"name": "expected_text", "value": "'тестирование'"}], "start": 1763058997917, "stop": 1763059003252, "uuid": "803820dd-e2a4-4b6b-a2c3-ba7a24218feb", "historyId": "e4755f8f9bc15bb844f8d2bf5ae5a99d", "testCaseId": "a8ddeba92e4ea00b47e069de0a4a0c3f", "fullName": "src.tests.test_yandex_form.TestYandexSearch#test_yandex_search_functionality", "labels": [{"name": "suite", "value": "Тестирование поиска Яндекс"}, {"name": "parentSuite", "value": "src.tests"}, {"name": "subSuite", "value": "TestYandexSearch"}, {"name": "host", "value": "DESKTOP-TTQSNIB"}, {"name": "thread", "value": "12228-MainThread"}, {"name": "framework", "value": "pytest"}, {"name": "language", "value": "cpython3"}, {"name": "package", "value": "src.tests.test_yandex_form"}], "titlePath": ["src", "tests", "test_yandex_form.py", "TestYandexSearch"]}