{"name": "Тест поиска и проверки результатов", "status": "failed", "statusDetails": {"message": "AssertionError: Ожидаемый текст 'тестирование' не найден в результате: 'Быстрая и мощная автоматизация тестирования ПО'\nassert 'тестирование' in 'быстрая и мощная автоматизация тестирования по'\n +  where 'тестирование' = <built-in method lower of str object at 0x000001C6656FE7B0>()\n +    where <built-in method lower of str object at 0x000001C6656FE7B0> = 'тестирование'.lower\n +  and   'быстрая и мощная автоматизация тестирования по' = <built-in method lower of str object at 0x000001C6656826B0>()\n +    where <built-in method lower of str object at 0x000001C6656826B0> = 'Быстрая и мощная автоматизация тестирования ПО'.lower", "trace": "self = <tests.test_yandex_form.TestYandexSearch object at 0x000001C66572AED0>\nbrowser = <selenium.webdriver.chrome.webdriver.WebDriver (session=\"52c59e33a04fa6fb379febd2e9434521\")>, base_url = 'https://ya.ru'\nsearch_query = 'Тестирование программного обеспечения', expected_text = 'тестирование'\n\n    @allure.title(\"Тест поиска и проверки результатов\")\n    @allure.description(\"Этот тест проверяет функциональность поиска на Яндекс\")\n    @pytest.mark.parametrize(\"search_query,expected_text\", [\n        (\"Selenium WebDriver\", \"Selenium\"),\n        (\"Python автоматизация тестирования\", \"Python\"),\n        (\"Тестирование программного обеспечения\", \"тестирование\")\n    ])\n    def test_yandex_search_functionality(self, browser, base_url, search_query, expected_text):\n        with allure.step(f\"Открыть главную страницу Яндекс\"):\n            form_page = YandexFormPage(browser)\n            form_page.open_page(base_url)\n    \n        with allure.step(f\"Выполнить поиск запроса: {search_query}\"):\n            form_page.perform_search(search_query)\n    \n        with allure.step(\"Проверить наличие результатов поиска\"):\n            first_result = form_page.get_first_result_text()\n            assert first_result is not None, \"Результаты поиска не отобразились\"\n>           assert expected_text.lower() in first_result.lower(), \\\n                f\"Ожидаемый текст '{expected_text}' не найден в результате: '{first_result}'\"\nE           AssertionError: Ожидаемый текст 'тестирование' не найден в результате: 'Быстрая и мощная автоматизация тестирования ПО'\nE           assert 'тестирование' in 'быстрая и мощная автоматизация тестирования по'\nE            +  where 'тестирование' = <built-in method lower of str object at 0x000001C6656FE7B0>()\nE            +    where <built-in method lower of str object at 0x000001C6656FE7B0> = 'тестирование'.lower\nE            +  and   'быстрая и мощная автоматизация тестирования по' = <built-in method lower of str object at 0x000001C6656826B0>()\nE            +    where <built-in method lower of str object at 0x000001C6656826B0> = 'Быстрая и мощная автоматизация тестирования ПО'.lower\n\nsrc\\tests\\test_yandex_form.py:26: AssertionError"}, "description": "Этот тест проверяет функциональность поиска на Яндекс", "steps": [{"name": "Открыть главную страницу Яндекс", "status": "passed", "start": 1763056578360, "stop": 1763056579775}, {"name": "Выполнить поиск запроса: Тестирование программного обеспечения", "status": "passed", "start": 1763056579775, "stop": 1763056582943}, {"name": "Проверить наличие результатов поиска", "status": "failed", "statusDetails": {"message": "AssertionError: Ожидаемый текст 'тестирование' не найден в результате: 'Быстрая и мощная автоматизация тестирования ПО'\nassert 'тестирование' in 'быстрая и мощная автоматизация тестирования по'\n +  where 'тестирование' = <built-in method lower of str object at 0x000001C6656FE7B0>()\n +    where <built-in method lower of str object at 0x000001C6656FE7B0> = 'тестирование'.lower\n +  and   'быстрая и мощная автоматизация тестирования по' = <built-in method lower of str object at 0x000001C6656826B0>()\n +    where <built-in method lower of str object at 0x000001C6656826B0> = 'Быстрая и мощная автоматизация тестирования ПО'.lower\n", "trace": "  File \"C:\\Users\\sherl\\Downloads\\6_lab-master\\src\\tests\\test_yandex_form.py\", line 26, in test_yandex_search_functionality\n    assert expected_text.lower() in first_result.lower(), \\\n"}, "start": 1763056582943, "stop": 1763056583289}], "parameters": [{"name": "search_query", "value": "'Тестирование программного обеспечения'"}, {"name": "expected_text", "value": "'тестирование'"}], "start": 1763056578360, "stop": 1763056583290, "uuid": "046760b9-3ce0-4bea-b912-164fd3f6f83d", "historyId": "77df79f40471f3b4438b01a5709f18d5", "testCaseId": "6f3aa6864c0bbdc322bac022b22f73d3", "fullName": "tests.test_yandex_form.TestYandexSearch#test_yandex_search_functionality", "labels": [{"name": "suite", "value": "Тестирование поиска Яндекс"}, {"name": "parentSuite", "value": "tests"}, {"name": "subSuite", "value": "TestYandexSearch"}, {"name": "host", "value": "DESKTOP-TTQSNIB"}, {"name": "thread", "value": "6012-MainThread"}, {"name": "framework", "value": "pytest"}, {"name": "language", "value": "cpython3"}, {"name": "package", "value": "tests.test_yandex_form"}], "titlePath": ["tests", "test_yandex_form.py", "TestYandexSearch"]}