{"name": "Тест поиска и проверки результатов", "status": "failed", "statusDetails": {"message": "AssertionError: Ожидаемый текст 'Selenium' не найден в результате: 'Алиса\n  На основе источников, возможны неточности'\nassert 'selenium' in 'алиса\\nна основе источников, возможны неточности'\n +  where 'selenium' = <built-in method lower of str object at 0x0000028079368870>()\n +    where <built-in method lower of str object at 0x0000028079368870> = 'Selenium'.lower\n +  and   'алиса\\nна основе источников, возможны неточности' = <built-in method lower of str object at 0x00000280792FE970>()\n +    where <built-in method lower of str object at 0x00000280792FE970> = 'Алиса\\nНа основе источников, возможны неточности'.lower", "trace": "self = <tests.test_yandex_form.TestYandexSearch object at 0x0000028078C28E50>\nbrowser = <selenium.webdriver.chrome.webdriver.WebDriver (session=\"0315df45d45f82285ba1c1c2ee34b572\")>, base_url = 'https://ya.ru'\nsearch_query = 'Selenium WebDriver', expected_text = 'Selenium'\n\n    @allure.title(\"Тест поиска и проверки результатов\")\n    @allure.description(\"Этот тест проверяет функциональность поиска на Яндекс\")\n    @pytest.mark.parametrize(\"search_query,expected_text\", [\n        (\"Selenium WebDriver\", \"Selenium\"),\n        (\"Python автоматизация тестирования\", \"Python\"),\n        (\"Тестирование программного обеспечения\", \"тестирование\")\n    ])\n    def test_yandex_search_functionality(self, browser, base_url, search_query, expected_text):\n        with allure.step(f\"Открыть главную страницу Яндекс\"):\n            form_page = YandexFormPage(browser)\n            form_page.open_page(base_url)\n    \n        with allure.step(f\"Выполнить поиск запроса: {search_query}\"):\n            form_page.perform_search(search_query)\n    \n        with allure.step(\"Проверить наличие результатов поиска\"):\n            first_result = form_page.get_first_result_text()\n            assert first_result is not None, \"Результаты поиска не отобразились\"\n>           assert expected_text.lower() in first_result.lower(), \\\n                f\"Ожидаемый текст '{expected_text}' не найден в результате: '{first_result}'\"\nE           AssertionError: Ожидаемый текст 'Selenium' не найден в результате: 'Алиса\nE             На основе источников, возможны неточности'\nE           assert 'selenium' in 'алиса\\nна основе источников, возможны неточности'\nE            +  where 'selenium' = <built-in method lower of str object at 0x0000028079368870>()\nE            +    where <built-in method lower of str object at 0x0000028079368870> = 'Selenium'.lower\nE            +  and   'алиса\\nна основе источников, возможны неточности' = <built-in method lower of str object at 0x00000280792FE970>()\nE            +    where <built-in method lower of str object at 0x00000280792FE970> = 'Алиса\\nНа основе источников, возможны неточности'.lower\n\nsrc\\tests\\test_yandex_form.py:26: AssertionError"}, "description": "Этот тест проверяет функциональность поиска на Яндекс", "steps": [{"name": "Открыть главную страницу Яндекс", "status": "passed", "start": 1763056776172, "stop": 1763056777086}, {"name": "Выполнить поиск запроса: Selenium WebDriver", "status": "passed", "start": 1763056777086, "stop": 1763056781820}, {"name": "Проверить наличие результатов поиска", "status": "failed", "statusDetails": {"message": "AssertionError: Ожидаемый текст 'Selenium' не найден в результате: 'Алиса\n  На основе источников, возможны неточности'\nassert 'selenium' in 'алиса\\nна основе источников, возможны неточности'\n +  where 'selenium' = <built-in method lower of str object at 0x0000028079368870>()\n +    where <built-in method lower of str object at 0x0000028079368870> = 'Selenium'.lower\n +  and   'алиса\\nна основе источников, возможны неточности' = <built-in method lower of str object at 0x00000280792FE970>()\n +    where <built-in method lower of str object at 0x00000280792FE970> = 'Алиса\\nНа основе источников, возможны неточности'.lower\n", "trace": "  File \"C:\\Users\\sherl\\Downloads\\6_lab-master\\src\\tests\\test_yandex_form.py\", line 26, in test_yandex_search_functionality\n    assert expected_text.lower() in first_result.lower(), \\\n"}, "start": 1763056781820, "stop": 1763056781971}], "parameters": [{"name": "search_query", "value": "'Selenium WebDriver'"}, {"name": "expected_text", "value": "'Selenium'"}], "start": 1763056776172, "stop": 1763056781971, "uuid": "fa4158d6-b692-496f-84b6-d5f1bd713afe", "historyId": "e10cc0ea65aef892f19a81bd05439376", "testCaseId": "a8ddeba92e4ea00b47e069de0a4a0c3f", "fullName": "src.tests.test_yandex_form.TestYandexSearch#test_yandex_search_functionality", "labels": [{"name": "suite", "value": "Тестирование поиска Яндекс"}, {"name": "parentSuite", "value": "src.tests"}, {"name": "subSuite", "value": "TestYandexSearch"}, {"name": "host", "value": "DESKTOP-TTQSNIB"}, {"name": "thread", "value": "20572-MainThread"}, {"name": "framework", "value": "pytest"}, {"name": "language", "value": "cpython3"}, {"name": "package", "value": "src.tests.test_yandex_form"}], "titlePath": ["src", "tests", "test_yandex_form.py", "TestYandexSearch"]}